mode: set
go/testing/client.go:63.80,67.19 2 1
go/testing/client.go:67.19,69.3 1 1
go/testing/client.go:70.2,70.20 1 1
go/testing/client.go:70.20,72.3 1 1
go/testing/client.go:73.2,73.20 1 1
go/testing/client.go:73.20,75.3 1 1
go/testing/client.go:77.2,89.16 10 1
go/testing/client.go:89.16,90.54 1 1
go/testing/client.go:90.54,92.4 1 1
go/testing/client.go:93.3,93.50 1 1
go/testing/client.go:95.2,98.25 3 1
go/testing/client.go:99.31,100.44 1 1
go/testing/client.go:101.38,102.53 1 1
go/testing/client.go:103.29,106.17 3 1
go/testing/client.go:106.17,108.4 1 1
go/testing/client.go:109.3,109.42 1 1
go/testing/client.go:109.42,111.4 1 1
go/testing/client.go:112.3,112.73 1 1
go/testing/client.go:115.2,117.16 3 1
go/testing/client.go:117.16,119.3 1 1
go/testing/client.go:121.2,122.28 2 1
go/testing/client.go:122.28,125.3 2 1
go/testing/client.go:125.8,127.3 1 1
go/testing/client.go:129.2,129.21 1 1
go/testing/server.go:29.67,31.12 2 1
go/testing/server.go:32.29,33.28 1 1
go/testing/server.go:33.28,34.31 1 1
go/testing/server.go:34.31,36.5 1 1
go/testing/server.go:37.9,37.36 1 1
go/testing/server.go:37.36,38.31 1 1
go/testing/server.go:38.31,40.5 1 1
go/testing/server.go:42.51,43.34 1 1
go/testing/server.go:43.34,44.31 1 1
go/testing/server.go:44.31,46.5 1 1
go/testing/server.go:47.9,47.36 1 1
go/testing/server.go:47.36,48.31 1 1
go/testing/server.go:48.31,50.5 1 1
go/testing/server.go:52.30,53.34 1 1
go/testing/server.go:53.34,54.31 1 1
go/testing/server.go:54.31,56.5 1 1
go/testing/server.go:57.9,57.36 1 1
go/testing/server.go:57.36,58.31 1 1
go/testing/server.go:58.31,60.5 1 1
go/testing/server.go:62.10,63.15 1 1
go/testing/server.go:66.5,66.20 1 1
go/testing/server.go:66.20,68.6 1 1
go/testing/server.go:70.2,70.13 1 1
go/testing/server.go:73.58,79.16 5 1
go/testing/server.go:79.16,82.3 2 0
go/testing/server.go:84.2,85.16 2 1
go/testing/server.go:85.16,88.3 2 0
go/testing/server.go:91.59,94.35 2 1
go/testing/server.go:94.35,97.3 2 1
go/testing/server.go:99.2,101.16 3 1
go/testing/server.go:101.16,104.3 2 1
go/testing/server.go:106.2,107.16 2 1
go/testing/server.go:107.16,110.3 2 1
go/testing/server.go:112.2,113.16 2 1
go/testing/server.go:113.16,116.3 2 1
go/testing/server.go:118.2,118.79 1 1
go/testing/server.go:118.79,121.3 2 1
go/testing/server.go:123.2,127.16 4 1
go/testing/server.go:127.16,130.3 2 1
go/testing/server.go:132.2,134.16 3 1
go/testing/server.go:134.16,137.3 2 1
go/testing/server.go:139.2,143.35 4 1
go/testing/server.go:143.35,148.89 4 1
go/testing/server.go:148.89,158.4 2 1
go/testing/server.go:160.3,160.18 1 1
go/testing/server.go:163.2,164.15 2 1
go/testing/server.go:164.15,167.3 2 1
go/testing/server.go:169.2,170.22 2 1
go/testing/server.go:170.22,172.3 1 1
go/testing/server.go:172.8,174.3 1 1
go/testing/server.go:176.2,178.16 3 1
go/testing/server.go:178.16,181.3 2 0
go/testing/server.go:183.2,186.16 3 1
go/testing/server.go:186.16,189.3 2 0
